<?xml version="1.0" encoding="utf-8"?><testsuites name="pytest tests"><testsuite name="pytest" errors="0" failures="0" skipped="0" tests="6" time="4.658" timestamp="2026-04-25T19:26:00.301166+00:00" hostname="agent-env-2b393483-0c00-472d-a28c-34df01375829"><testcase classname="backend.tests.test_iter4" name="test_rhymes_index" time="0.265" /><testcase classname="backend.tests.test_iter4" name="test_rhyme_audio_twinkle_and_cache" time="3.791" /><testcase classname="backend.tests.test_iter4" name="test_rhyme_audio_invalid_slug" time="0.152" /><testcase classname="backend.tests.test_iter4" name="test_stories_list" time="0.148" /><testcase classname="backend.tests.test_iter4" name="test_story_get_by_id" time="0.121" /><testcase classname="backend.tests.test_iter4" name="test_story_get_invalid" time="0.110" /></testsuite></testsuites>