<?xml version="1.0" encoding="utf-8"?><testsuites name="pytest tests"><testsuite name="pytest" errors="0" failures="0" skipped="0" tests="6" time="5.631" timestamp="2026-04-25T19:06:52.342963+00:00" hostname="agent-env-2b393483-0c00-472d-a28c-34df01375829"><testcase classname="backend.tests.test_tts_iter3.TestHealth" name="test_health_ok" time="0.308" /><testcase classname="backend.tests.test_tts_iter3.TestVoices" name="test_voices_list" time="0.062" /><testcase classname="backend.tests.test_tts_iter3.TestTts" name="test_tts_basic_audio" time="2.011" /><testcase classname="backend.tests.test_tts_iter3.TestTts" name="test_tts_cache_hit" time="3.062" /><testcase classname="backend.tests.test_tts_iter3.TestTts" name="test_tts_invalid_voice" time="0.058" /><testcase classname="backend.tests.test_tts_iter3.TestTts" name="test_tts_empty_text" time="0.059" /></testsuite></testsuites>